carteiro/build/proguard/release/mapping.txt
com.actionbarsherlock.internal.ActionBarSherlockNative$ActionModeWrapper -> com.actionbarsherlock.internal.ActionBarSherlockNative$ActionModeWrapper:
    android.view.ActionMode mActionMode -> mActionMode
    com.actionbarsherlock.internal.view.menu.MenuWrapper mMenu -> mMenu
    com.actionbarsherlock.internal.ActionBarSherlockNative this$0 -> this$0
    void setTitle(java.lang.CharSequence) -> setTitle
    void setTitle(int) -> setTitle
    void setSubtitle(java.lang.CharSequence) -> setSubtitle
    void setSubtitle(int) -> setSubtitle
    void setCustomView(android.view.View) -> setCustomView
    void invalidate() -> invalidate
    void finish() -> finish
    com.actionbarsherlock.internal.view.menu.MenuWrapper getMenu() -> getMenu
    java.lang.CharSequence getTitle() -> getTitle
    java.lang.CharSequence getSubtitle() -> getSubtitle
    android.view.View getCustomView() -> getCustomView
    com.actionbarsherlock.view.MenuInflater getMenuInflater() -> getMenuInflater
    void setTag(java.lang.Object) -> setTag
    java.lang.Object getTag() -> getTag
    com.actionbarsherlock.view.Menu getMenu() -> getMenu
com.actionbarsherlock.internal.ResourcesCompat -> com.actionbarsherlock.internal.ResourcesCompat:
    java.lang.String TAG -> TAG
    boolean getResources_getBoolean(android.content.Context,int) -> getResources_getBoolean
    int getResources_getInteger(android.content.Context,int) -> getResources_getInteger
    int loadLogoFromManifest(android.app.Activity) -> loadLogoFromManifest
com.actionbarsherlock.internal.app.ActionBarImpl -> com.actionbarsherlock.internal.app.ActionBarImpl:
    android.content.Context mContext -> mContext
    android.content.Context mThemedContext -> mThemedContext
    android.app.Activity mActivity -> mActivity
    com.actionbarsherlock.internal.widget.ActionBarContainer mContainerView -> mContainerView
    com.actionbarsherlock.internal.widget.ActionBarView mActionView -> mActionView
    com.actionbarsherlock.internal.widget.ActionBarContextView mContextView -> mContextView
    com.actionbarsherlock.internal.widget.ActionBarContainer mSplitView -> mSplitView
    com.actionbarsherlock.internal.nineoldandroids.widget.NineFrameLayout mContentView -> mContentView
    com.actionbarsherlock.internal.widget.ScrollingTabContainerView mTabScrollView -> mTabScrollView
    java.util.ArrayList mTabs -> mTabs
    com.actionbarsherlock.internal.app.ActionBarImpl$TabImpl mSelectedTab -> mSelectedTab
    int mSavedTabPosition -> mSavedTabPosition
    com.actionbarsherlock.internal.app.ActionBarImpl$ActionModeImpl mActionMode -> mActionMode
    com.actionbarsherlock.view.ActionMode mDeferredDestroyActionMode -> mDeferredDestroyActionMode
    com.actionbarsherlock.view.ActionMode$Callback mDeferredModeDestroyCallback -> mDeferredModeDestroyCallback
    boolean mLastMenuVisibility -> mLastMenuVisibility
    java.util.ArrayList mMenuVisibilityListeners -> mMenuVisibilityListeners
com.actionbarsherlock.internal.app.ActionBarImpl$1 -> com.actionbarsherlock.internal.app.ActionBarImpl$1:
    com.actionbarsherlock.internal.app.ActionBarImpl this$0 -> this$0
    void onAnimationEnd(com.actionbarsherlock.internal.nineoldandroids.animation.Animator) -> onAnimationEnd
com.actionbarsherlock.internal.app.ActionBarImpl$2 -> com.actionbarsherlock.internal.app.ActionBarImpl$2:
    com.actionbarsherlock.internal.app.ActionBarImpl this$0 -> this$0
    void onAnimationEnd(com.actionbarsherlock.internal.nineoldandroids.animation.Animator) -> onAnimationEnd